2026-02-23 16:20:59,508 [INFO] Activator:176 - 


2026-02-23 16:20:59,510 [INFO] Activator:177 - !SESSION log4j initialized
2026-02-23 16:21:01,403 [INFO] LogOutputStream:77 - [STDOUT_REDIRECT] 
2026-02-23 16:21:03,451 [INFO] ApplicationProperties:184 - Using Application install path: E:\STM32CubeIDE\STM32CubeIDE_1.14.0\STM32CubeIDE\plugins\com.st.stm32cube.common.mx_6.10.0.202311202037
2026-02-23 16:21:03,479 [INFO] DbMcusXml:78 - Set database path to: E:\STM32CubeIDE\STM32CubeIDE_1.14.0\STM32CubeIDE\plugins\com.st.stm32cube.common.mx_6.10.0.202311202037\\db\/mcu/
2026-02-23 16:21:03,479 [INFO] ApiDb:274 - Set plugin database path to: E:\STM32CubeIDE\STM32CubeIDE_1.14.0\STM32CubeIDE\plugins\com.st.stm32cube.common.mx_6.10.0.202311202037\\db\/plugins/boardmanager/
2026-02-23 16:21:03,479 [WARN] ApiDb:259 - Overriding images path with different value:  => E:\STM32CubeIDE\STM32CubeIDE_1.14.0\STM32CubeIDE\plugins\com.st.stm32cube.common.mx_6.10.0.202311202037\\db\/plugins/mcufinder/images/
2026-02-23 16:21:03,485 [INFO] ApiDb:250 - Set database path to: C:\Users\new user\.stmcufinder\plugins\mcufinder//mcu/
2026-02-23 16:21:03,486 [INFO] DbMcusAds:125 - Set database path to: C:\Users\new user\.stmcufinder\plugins\mcufinder//mcu/
2026-02-23 16:21:03,487 [INFO] CrossReferenceDbSqlite:203 - Set database path to: C:\Users\new user\.stmcufinder\plugins\mcufinder//mcu/cs/
2026-02-23 16:21:03,585 [INFO] RulesReader:64 - Compatibility file has been processed (297 Rules)
2026-02-23 16:21:03,686 [INFO] DbMcusXml:78 - Set database path to: E:\STM32CubeIDE\STM32CubeIDE_1.14.0\STM32CubeIDE\plugins\com.st.stm32cube.common.mx_6.10.0.202311202037\\db\/mcu/
2026-02-23 16:21:03,686 [INFO] ApiDb:274 - Set plugin database path to: E:\STM32CubeIDE\STM32CubeIDE_1.14.0\STM32CubeIDE\plugins\com.st.stm32cube.common.mx_6.10.0.202311202037\\db\/plugins/boardmanager/
2026-02-23 16:21:03,686 [INFO] ApiDb:261 - Set plugin images path to: E:\STM32CubeIDE\STM32CubeIDE_1.14.0\STM32CubeIDE\plugins\com.st.stm32cube.common.mx_6.10.0.202311202037\\db\/plugins/mcufinder/images/
2026-02-23 16:21:03,686 [WARN] DbFile:41 - Overriding database path with different value: C:\Users\new user\.stmcufinder\plugins\mcufinder/ => C:\Users\new user\.stmcufinder\plugins\mcufinder
2026-02-23 16:21:03,686 [INFO] ApiDb:250 - Set database path to: C:\Users\new user\.stmcufinder\plugins\mcufinder//mcu/
2026-02-23 16:21:03,686 [WARN] DbFile:41 - Overriding database path with different value: C:\Users\new user\.stmcufinder\plugins\mcufinder/ => C:\Users\new user\.stmcufinder\plugins\mcufinder
2026-02-23 16:21:03,686 [INFO] DbMcusAds:125 - Set database path to: C:\Users\new user\.stmcufinder\plugins\mcufinder//mcu/
2026-02-23 16:21:03,686 [WARN] DbFile:41 - Overriding database path with different value: C:\Users\new user\.stmcufinder\plugins\mcufinder/ => C:\Users\new user\.stmcufinder\plugins\mcufinder
2026-02-23 16:21:03,687 [WARN] DbFile:41 - Overriding database path with different value: C:\Users\new user\.stmcufinder\plugins\mcufinder/ => C:\Users\new user\.stmcufinder\plugins\mcufinder
2026-02-23 16:21:03,687 [INFO] CrossReferenceDbSqlite:203 - Set database path to: C:\Users\new user\.stmcufinder\plugins\mcufinder//mcu/cs/
2026-02-23 16:21:03,748 [INFO] MainPanel:264 - HeapMemory: 268435456
2026-02-23 16:21:03,805 [INFO] DbMcusXml:78 - Set database path to: E:\STM32CubeIDE\STM32CubeIDE_1.14.0\STM32CubeIDE\plugins\com.st.stm32cube.common.mx_6.10.0.202311202037\\db\/mcu/
2026-02-23 16:21:03,805 [INFO] ApiDb:274 - Set plugin database path to: E:\STM32CubeIDE\STM32CubeIDE_1.14.0\STM32CubeIDE\plugins\com.st.stm32cube.common.mx_6.10.0.202311202037\\db\/plugins/boardmanager/
2026-02-23 16:21:03,805 [INFO] ApiDb:261 - Set plugin images path to: E:\STM32CubeIDE\STM32CubeIDE_1.14.0\STM32CubeIDE\plugins\com.st.stm32cube.common.mx_6.10.0.202311202037\\db\/plugins/mcufinder/images/
2026-02-23 16:21:03,805 [WARN] DbFile:41 - Overriding database path with different value: C:\Users\new user\.stmcufinder\plugins\mcufinder/ => C:\Users\new user\.stmcufinder\plugins\mcufinder
2026-02-23 16:21:03,805 [INFO] ApiDb:250 - Set database path to: C:\Users\new user\.stmcufinder\plugins\mcufinder//mcu/
2026-02-23 16:21:03,805 [WARN] DbFile:41 - Overriding database path with different value: C:\Users\new user\.stmcufinder\plugins\mcufinder/ => C:\Users\new user\.stmcufinder\plugins\mcufinder
2026-02-23 16:21:03,805 [INFO] DbMcusAds:125 - Set database path to: C:\Users\new user\.stmcufinder\plugins\mcufinder//mcu/
2026-02-23 16:21:03,806 [WARN] DbFile:41 - Overriding database path with different value: C:\Users\new user\.stmcufinder\plugins\mcufinder/ => C:\Users\new user\.stmcufinder\plugins\mcufinder
2026-02-23 16:21:03,806 [WARN] DbFile:41 - Overriding database path with different value: C:\Users\new user\.stmcufinder\plugins\mcufinder/ => C:\Users\new user\.stmcufinder\plugins\mcufinder
2026-02-23 16:21:03,806 [INFO] CrossReferenceDbSqlite:203 - Set database path to: C:\Users\new user\.stmcufinder\plugins\mcufinder//mcu/cs/
2026-02-23 16:21:03,820 [INFO] ApplicationProperties:184 - Using Application install path: E:\STM32CubeIDE\STM32CubeIDE_1.14.0\STM32CubeIDE\plugins\com.st.stm32cube.common.mx_6.10.0.202311202037
2026-02-23 16:21:03,821 [INFO] PluginManage:196 - Search for loadable plugins [exclusion list=, ]
2026-02-23 16:21:03,822 [INFO] PluginManage:310 - Check plugin analytics
2026-02-23 16:21:03,992 [INFO] AnalyticsPlugin:253 - Accepted Software Licenses: STM32CubeMX.6.11.1
2026-02-23 16:21:03,992 [INFO] AnalyticsPlugin:255 - Accepted CMSIS Pack Licenses: STMicroelectronics.X-CUBE-TOUCHGFX.4.23.2,STMicroelectronics.X-CUBE-TOUCHGFX.4.23.0
2026-02-23 16:21:03,993 [INFO] AnalyticsPlugin:257 - Accepted Firmware Licenses: FW.F4.1.28.0
2026-02-23 16:21:03,995 [INFO] PluginManage:359 - Loaded plugin analytics (category:tool,tabindex:-1)
2026-02-23 16:21:03,996 [INFO] PluginManage:310 - Check plugin cadmodel
2026-02-23 16:21:04,001 [INFO] CADModel:105 - Init CAD model plugin
2026-02-23 16:21:04,001 [INFO] PluginManage:359 - Loaded plugin cadmodel (category:power,tabindex:5)
2026-02-23 16:21:04,001 [INFO] PluginManage:310 - Check plugin clock
2026-02-23 16:21:04,013 [INFO] PluginManage:359 - Loaded plugin clock (category:base,tabindex:2)
2026-02-23 16:21:04,013 [INFO] PluginManage:310 - Check plugin ddr
2026-02-23 16:21:04,016 [INFO] PluginManage:359 - Loaded plugin ddr (category:tool,tabindex:6)
2026-02-23 16:21:04,016 [INFO] PluginManage:310 - Check plugin filemanager
2026-02-23 16:21:04,143 [INFO] PluginManage:359 - Loaded plugin filemanager (category:base,tabindex:10)
2026-02-23 16:21:04,143 [INFO] PluginManage:310 - Check plugin ipmanager
2026-02-23 16:21:04,149 [INFO] PluginManage:359 - Loaded plugin ipmanager (category:base,tabindex:5)
2026-02-23 16:21:04,150 [INFO] PluginManage:310 - Check plugin lpbam
2026-02-23 16:21:04,157 [INFO] PluginManage:359 - Loaded plugin lpbam (category:base,tabindex:0)
2026-02-23 16:21:04,157 [INFO] PluginManage:310 - Check plugin memorymap
2026-02-23 16:21:04,171 [INFO] PluginManage:359 - Loaded plugin memorymap (category:base,tabindex:4)
2026-02-23 16:21:04,171 [INFO] PluginManage:310 - Check plugin pinoutandconfiguration
2026-02-23 16:21:04,177 [INFO] PluginManage:359 - Loaded plugin pinoutandconfiguration (category:base,tabindex:1)
2026-02-23 16:21:04,177 [INFO] PluginManage:310 - Check plugin pinoutconfig
2026-02-23 16:21:04,290 [WARN] SupportedApi:132 - Cannot load RTOS API schema: s4s-elt-must-match.1: The content of 'definitions' must match (annotation?, (simpleType | complexType)?, (unique | key | keyref)*)). A problem was found starting at: attribute.
2026-02-23 16:21:04,404 [INFO] PluginManage:359 - Loaded plugin pinoutconfig (category:base,tabindex:0)
2026-02-23 16:21:04,405 [INFO] PluginManage:310 - Check plugin power
2026-02-23 16:21:04,413 [INFO] PluginManage:359 - Loaded plugin power (category:power,tabindex:4)
2026-02-23 16:21:04,413 [INFO] PluginManage:310 - Check plugin projectmanager
2026-02-23 16:21:04,427 [INFO] PluginManage:359 - Loaded plugin projectmanager (category:projectmanager,tabindex:3)
2026-02-23 16:21:04,427 [INFO] PluginManage:310 - Check plugin thirdparty
2026-02-23 16:21:04,525 [INFO] PluginManage:359 - Loaded plugin thirdparty (category:base,tabindex:-1)
2026-02-23 16:21:04,525 [WARN] IntegrityCheckThread:84 - waiting for thirdparty lock release [integrity check]
2026-02-23 16:21:04,526 [INFO] PluginManage:310 - Check plugin tools
2026-02-23 16:21:04,526 [INFO] IntegrityCheckThread:86 - entering critical section [integrity check]
2026-02-23 16:21:04,526 [INFO] ThirdPartyUpdaterWithRetryManager:70 - Updater plugin not ready yet. [1/15]
2026-02-23 16:21:04,528 [INFO] PluginManage:359 - Loaded plugin tools (category:base,tabindex:7)
2026-02-23 16:21:04,529 [INFO] PluginManage:310 - Check plugin tutovideos
2026-02-23 16:21:04,657 [INFO] PluginManage:359 - Loaded plugin tutovideos (category:base,tabindex:-1)
2026-02-23 16:21:04,658 [INFO] PluginManage:310 - Check plugin updater
2026-02-23 16:21:04,666 [INFO] PluginManage:359 - Loaded plugin updater (category:base,tabindex:12)
2026-02-23 16:21:04,666 [INFO] PluginManage:310 - Check plugin userauth
2026-02-23 16:21:04,670 [INFO] UserAuth:114 - Init User Auth plugin
2026-02-23 16:21:04,670 [INFO] PluginManage:359 - Loaded plugin userauth (category:base,tabindex:14)
2026-02-23 16:21:04,670 [INFO] PluginManage:283 - PluginManage : Loaded plugins [17]
2026-02-23 16:21:04,845 [INFO] PinOutPanel:1499 - setPackage(No Configuration,No Configuration)
2026-02-23 16:21:04,915 [INFO] CADModel:165 - CPN selected for project level
2026-02-23 16:21:04,915 [INFO] CADModel:114 - Register for checkConnection events
2026-02-23 16:21:04,928 [INFO] IPUIPlugin:80 - create IPUIPlugin
2026-02-23 16:21:04,928 [INFO] PluginManager:220 - loadIPPluginJar : add adc
2026-02-23 16:21:04,930 [INFO] IPUIPlugin:80 - create IPUIPlugin
2026-02-23 16:21:04,930 [INFO] PluginManager:220 - loadIPPluginJar : add aes
2026-02-23 16:21:04,932 [INFO] IPUIPlugin:80 - create IPUIPlugin
2026-02-23 16:21:04,933 [INFO] PluginManager:220 - loadIPPluginJar : add can
2026-02-23 16:21:04,934 [INFO] IPUIPlugin:80 - create IPUIPlugin
2026-02-23 16:21:04,934 [INFO] PluginManager:220 - loadIPPluginJar : add comp
2026-02-23 16:21:04,936 [INFO] IPUIPlugin:80 - create IPUIPlugin
2026-02-23 16:21:04,936 [INFO] PluginManager:220 - loadIPPluginJar : add cryp
2026-02-23 16:21:04,937 [INFO] IPUIPlugin:80 - create IPUIPlugin
2026-02-23 16:21:04,937 [INFO] PluginManager:220 - loadIPPluginJar : add dfsdm
2026-02-23 16:21:04,942 [INFO] IPUIPlugin:80 - create IPUIPlugin
2026-02-23 16:21:04,942 [INFO] PluginManager:220 - loadIPPluginJar : add dma
2026-02-23 16:21:04,944 [INFO] IPUIPlugin:80 - create IPUIPlugin
2026-02-23 16:21:04,944 [INFO] PluginManager:220 - loadIPPluginJar : add dma3
2026-02-23 16:21:04,944 [INFO] IPUIPlugin:80 - create IPUIPlugin
2026-02-23 16:21:04,945 [INFO] PluginManager:220 - loadIPPluginJar : add fatfs
2026-02-23 16:21:04,948 [INFO] IPUIPlugin:80 - create IPUIPlugin
2026-02-23 16:21:04,949 [INFO] PluginManager:220 - loadIPPluginJar : add fmc
2026-02-23 16:21:04,953 [INFO] IPUIPlugin:80 - create IPUIPlugin
2026-02-23 16:21:04,954 [INFO] PluginManager:220 - loadIPPluginJar : add freertos
2026-02-23 16:21:04,955 [INFO] IPUIPlugin:80 - create IPUIPlugin
2026-02-23 16:21:04,955 [INFO] PluginManager:220 - loadIPPluginJar : add genericplugin
2026-02-23 16:21:04,956 [INFO] IPUIPlugin:80 - create IPUIPlugin
2026-02-23 16:21:04,956 [INFO] PluginManager:220 - loadIPPluginJar : add gfxmmu
2026-02-23 16:21:04,959 [INFO] IPUIPlugin:80 - create IPUIPlugin
2026-02-23 16:21:04,960 [INFO] PluginManager:220 - loadIPPluginJar : add gic
2026-02-23 16:21:04,962 [INFO] IPUIPlugin:80 - create IPUIPlugin
2026-02-23 16:21:04,962 [INFO] PluginManager:220 - loadIPPluginJar : add gpio
2026-02-23 16:21:04,964 [INFO] IPUIPlugin:80 - create IPUIPlugin
2026-02-23 16:21:04,964 [INFO] PluginManager:220 - loadIPPluginJar : add gtzc
2026-02-23 16:21:04,966 [INFO] IPUIPlugin:80 - create IPUIPlugin
2026-02-23 16:21:04,966 [INFO] PluginManager:220 - loadIPPluginJar : add hash
2026-02-23 16:21:04,968 [INFO] IPUIPlugin:80 - create IPUIPlugin
2026-02-23 16:21:04,969 [INFO] PluginManager:220 - loadIPPluginJar : add i2c
2026-02-23 16:21:04,970 [INFO] IPUIPlugin:80 - create IPUIPlugin
2026-02-23 16:21:04,971 [INFO] PluginManager:220 - loadIPPluginJar : add i2s
2026-02-23 16:21:04,973 [INFO] IPUIPlugin:80 - create IPUIPlugin
2026-02-23 16:21:04,973 [INFO] PluginManager:220 - loadIPPluginJar : add i3c
2026-02-23 16:21:04,975 [INFO] IPUIPlugin:80 - create IPUIPlugin
2026-02-23 16:21:04,975 [INFO] PluginManager:220 - loadIPPluginJar : add ipddr
2026-02-23 16:21:04,981 [INFO] IPUIPlugin:80 - create IPUIPlugin
2026-02-23 16:21:04,981 [INFO] PluginManager:220 - loadIPPluginJar : add linkedlist
2026-02-23 16:21:04,983 [INFO] IPUIPlugin:80 - create IPUIPlugin
2026-02-23 16:21:04,984 [INFO] PluginManager:220 - loadIPPluginJar : add lorawan
2026-02-23 16:21:04,985 [INFO] IPUIPlugin:80 - create IPUIPlugin
2026-02-23 16:21:04,985 [INFO] PluginManager:220 - loadIPPluginJar : add ltdc
2026-02-23 16:21:04,990 [INFO] IPUIPlugin:80 - create IPUIPlugin
2026-02-23 16:21:04,990 [INFO] PluginManager:220 - loadIPPluginJar : add mdma
2026-02-23 16:21:04,994 [INFO] IPUIPlugin:80 - create IPUIPlugin
2026-02-23 16:21:04,994 [INFO] PluginManager:220 - loadIPPluginJar : add nvic
2026-02-23 16:21:04,996 [INFO] IPUIPlugin:80 - create IPUIPlugin
2026-02-23 16:21:04,996 [INFO] PluginManager:220 - loadIPPluginJar : add opamp
2026-02-23 16:21:04,998 [INFO] IPUIPlugin:80 - create IPUIPlugin
2026-02-23 16:21:05,000 [INFO] PluginManager:220 - loadIPPluginJar : add openamp
2026-02-23 16:21:05,002 [INFO] IPUIPlugin:80 - create IPUIPlugin
2026-02-23 16:21:05,003 [INFO] PluginManager:220 - loadIPPluginJar : add pdm2pcm
2026-02-23 16:21:05,007 [INFO] IPUIPlugin:80 - create IPUIPlugin
2026-02-23 16:21:05,010 [INFO] PluginManager:220 - loadIPPluginJar : add plateformsettings
2026-02-23 16:21:05,011 [INFO] IPUIPlugin:80 - create IPUIPlugin
2026-02-23 16:21:05,012 [INFO] PluginManager:220 - loadIPPluginJar : add quadspi
2026-02-23 16:21:05,014 [INFO] IPUIPlugin:80 - create IPUIPlugin
2026-02-23 16:21:05,014 [INFO] PluginManager:220 - loadIPPluginJar : add resmgrutility
2026-02-23 16:21:05,016 [INFO] IPUIPlugin:80 - create IPUIPlugin
2026-02-23 16:21:05,016 [INFO] PluginManager:220 - loadIPPluginJar : add sai
2026-02-23 16:21:05,018 [INFO] IPUIPlugin:80 - create IPUIPlugin
2026-02-23 16:21:05,018 [INFO] PluginManager:220 - loadIPPluginJar : add spi
2026-02-23 16:21:05,021 [INFO] IPUIPlugin:80 - create IPUIPlugin
2026-02-23 16:21:05,021 [INFO] PluginManager:220 - loadIPPluginJar : add stm32_wpan
2026-02-23 16:21:05,023 [INFO] IPUIPlugin:80 - create IPUIPlugin
2026-02-23 16:21:05,023 [INFO] PluginManager:220 - loadIPPluginJar : add tim
2026-02-23 16:21:05,025 [INFO] IPUIPlugin:80 - create IPUIPlugin
2026-02-23 16:21:05,025 [INFO] PluginManager:220 - loadIPPluginJar : add touchsensing
2026-02-23 16:21:05,026 [INFO] IPUIPlugin:80 - create IPUIPlugin
2026-02-23 16:21:05,026 [INFO] PluginManager:220 - loadIPPluginJar : add tracer_emb
2026-02-23 16:21:05,028 [INFO] IPUIPlugin:80 - create IPUIPlugin
2026-02-23 16:21:05,028 [INFO] PluginManager:220 - loadIPPluginJar : add ts
2026-02-23 16:21:05,029 [INFO] IPUIPlugin:80 - create IPUIPlugin
2026-02-23 16:21:05,029 [INFO] PluginManager:220 - loadIPPluginJar : add tsc
2026-02-23 16:21:05,030 [INFO] IPUIPlugin:80 - create IPUIPlugin
2026-02-23 16:21:05,031 [INFO] PluginManager:220 - loadIPPluginJar : add ucpd
2026-02-23 16:21:05,032 [INFO] IPUIPlugin:80 - create IPUIPlugin
2026-02-23 16:21:05,033 [INFO] PluginManager:220 - loadIPPluginJar : add usart
2026-02-23 16:21:05,035 [INFO] IPUIPlugin:80 - create IPUIPlugin
2026-02-23 16:21:05,035 [INFO] PluginManager:220 - loadIPPluginJar : add usbx
2026-02-23 16:21:05,149 [INFO] CADModel:165 - CPN selected for project level
2026-02-23 16:21:05,149 [INFO] CADModel:114 - Register for checkConnection events
2026-02-23 16:21:05,149 [FATAL] Updater:308 - Updater called before beeing initialized
2026-02-23 16:21:05,149 [ERROR] CADModel:125 - Updater not yet initialized, retry later 
2026-02-23 16:21:05,253 [INFO] CADModel:165 - CPN selected for project level
2026-02-23 16:21:05,253 [INFO] CADModel:114 - Register for checkConnection events
2026-02-23 16:21:05,253 [FATAL] Updater:308 - Updater called before beeing initialized
2026-02-23 16:21:05,253 [ERROR] CADModel:125 - Updater not yet initialized, retry later 
2026-02-23 16:21:05,256 [FATAL] Updater:308 - Updater called before beeing initialized
2026-02-23 16:21:05,340 [FATAL] Updater:308 - Updater called before beeing initialized
2026-02-23 16:21:05,343 [INFO] DbMcusAds:53 - JSON generation date=Wed Feb 18 20:02:49 IST 2026 (1771425169665)
2026-02-23 16:21:05,343 [FATAL] Updater:308 - Updater called before beeing initialized
2026-02-23 16:21:05,368 [WARN] DetailPanel:346 - Failed to get advertising image, set to default
2026-02-23 16:21:05,450 [FATAL] Updater:308 - Updater called before beeing initialized
2026-02-23 16:21:05,452 [FATAL] Updater:308 - Updater called before beeing initialized
2026-02-23 16:21:05,452 [FATAL] Updater:308 - Updater called before beeing initialized
2026-02-23 16:21:05,452 [WARN] DetailPanel:346 - Failed to get advertising image, set to default
2026-02-23 16:21:05,453 [FATAL] Updater:308 - Updater called before beeing initialized
2026-02-23 16:21:05,502 [ERROR] Updater:1120 - MainUpdater not yet initialized. External WinMGr cannot be set.
2026-02-23 16:21:05,504 [INFO] Updater:1056 - Updater Version found : 6.10.0
2026-02-23 16:21:05,525 [INFO] ApplicationProperties:184 - Using Application install path: E:\STM32CubeIDE\STM32CubeIDE_1.14.0\STM32CubeIDE\plugins\com.st.stm32cube.common.mx_6.10.0.202311202037
2026-02-23 16:21:05,911 [INFO] MainUpdater:2873 - connection check result : 10
2026-02-23 16:21:05,912 [INFO] MainUpdater:290 - Updater Check For Update Now.
2026-02-23 16:21:05,912 [INFO] MicroXplorer:498 - Change Database Version : DB.6.0.100
2026-02-23 16:21:05,928 [INFO] McuFinderGlobals:63 - Set McuFinder mode to 2 (CubeIDE integrated)
2026-02-23 16:21:06,110 [INFO] CheckServerUpdateThread:120 - End of CheckServer Thread
2026-02-23 16:21:06,140 [INFO] UserAuth:404 - Internet connection configuration mode: 1
2026-02-23 16:21:06,147 [INFO] JxBrowserEngine:152 - Initiate JxBrowser Engine with user profile folder
2026-02-23 16:21:06,588 [INFO] WebApp:161 - Instantiating new browser for Auth
2026-02-23 16:21:06,914 [ERROR] LogOutputStream:75 - [STDERR_REDIRECT] 16:21:06.913 ERROR Failed to accept connection
2026-02-23 16:21:06,915 [ERROR] LogOutputStream:75 - [STDERR_REDIRECT] java.net.SocketException: Connection reset
2026-02-23 16:21:06,915 [ERROR] LogOutputStream:75 - [STDERR_REDIRECT] 	at java.base/sun.nio.ch.NioSocketImpl.implRead(NioSocketImpl.java:328)
2026-02-23 16:21:06,916 [ERROR] LogOutputStream:75 - [STDERR_REDIRECT] 	at java.base/sun.nio.ch.NioSocketImpl.read(NioSocketImpl.java:355)
2026-02-23 16:21:06,917 [ERROR] LogOutputStream:75 - [STDERR_REDIRECT] 	at java.base/sun.nio.ch.NioSocketImpl$1.read(NioSocketImpl.java:808)
2026-02-23 16:21:06,918 [ERROR] LogOutputStream:75 - [STDERR_REDIRECT] 	at java.base/java.net.Socket$SocketInputStream.read(Socket.java:966)
2026-02-23 16:21:06,919 [ERROR] LogOutputStream:75 - [STDERR_REDIRECT] 	at java.base/java.net.Socket$SocketInputStream.read(Socket.java:961)
2026-02-23 16:21:06,920 [ERROR] LogOutputStream:75 - [STDERR_REDIRECT] 	at com.teamdev.jxbrowser.deps.com.google.protobuf.AbstractParser.parsePartialDelimitedFrom(AbstractParser.java:246)
2026-02-23 16:21:06,922 [ERROR] LogOutputStream:75 - [STDERR_REDIRECT] 	at com.teamdev.jxbrowser.deps.com.google.protobuf.AbstractParser.parseDelimitedFrom(AbstractParser.java:267)
2026-02-23 16:21:06,923 [ERROR] LogOutputStream:75 - [STDERR_REDIRECT] 	at com.teamdev.jxbrowser.deps.com.google.protobuf.AbstractParser.parseDelimitedFrom(AbstractParser.java:272)
2026-02-23 16:21:06,925 [ERROR] LogOutputStream:75 - [STDERR_REDIRECT] 	at com.teamdev.jxbrowser.deps.com.google.protobuf.AbstractParser.parseDelimitedFrom(AbstractParser.java:48)
2026-02-23 16:21:06,927 [ERROR] LogOutputStream:75 - [STDERR_REDIRECT] 	at com.teamdev.jxbrowser.deps.com.google.protobuf.GeneratedMessageV3.parseDelimitedWithIOException(GeneratedMessageV3.java:375)
2026-02-23 16:21:06,928 [ERROR] LogOutputStream:75 - [STDERR_REDIRECT] 	at com.teamdev.jxbrowser.internal.rpc.ConnectionCreated.parseDelimitedFrom(ConnectionCreated.java:216)
2026-02-23 16:21:06,930 [ERROR] LogOutputStream:75 - [STDERR_REDIRECT] 	at com.teamdev.jxbrowser.internal.rpc.transport.ConnectionServer$AcceptConnections.acceptConnection(ConnectionServer.java:184)
2026-02-23 16:21:06,932 [ERROR] LogOutputStream:75 - [STDERR_REDIRECT] 	at com.teamdev.jxbrowser.internal.rpc.transport.ConnectionServer$AcceptConnections.run(ConnectionServer.java:168)
2026-02-23 16:21:06,932 [ERROR] LogOutputStream:75 - [STDERR_REDIRECT] 	at java.base/java.lang.Thread.run(Thread.java:833)
2026-02-23 16:21:06,934 [ERROR] LogOutputStream:75 - [STDERR_REDIRECT] 
2026-02-23 16:21:06,972 [ERROR] LogOutputStream:75 - [STDERR_REDIRECT] 16:21:06.971 ERROR Chromium process exit code: 17
2026-02-23 16:21:06,973 [ERROR] LogOutputStream:75 - [STDERR_REDIRECT] 
2026-02-23 16:21:06,974 [ERROR] LogOutputStream:75 - [STDERR_REDIRECT] 16:21:06.973 ERROR Crash dump dir: C:\Users\new user\AppData\Local\JxBrowser\7.35.1\CrashReports
2026-02-23 16:21:06,974 [ERROR] LogOutputStream:75 - [STDERR_REDIRECT] 
2026-02-23 16:21:06,975 [ERROR] WebApp:363 - JxBrowser engine crashed! Exit code: 17
2026-02-23 16:21:07,723 [WARN] PackLoader:240 - Cannot read IP mode file for STMicroelectronics.FP-SNS-MOTENVWB1.1.4.0
2026-02-23 16:21:07,733 [WARN] PackLoader:240 - Cannot read IP mode file for STMicroelectronics.FP-ATR-ASTRA1.2.0.2
2026-02-23 16:21:07,737 [WARN] PackLoader:240 - Cannot read IP mode file for STMicroelectronics.FP-ATR-ASTRA1.2.0.1
2026-02-23 16:21:07,744 [WARN] PackLoader:240 - Cannot read IP mode file for STMicroelectronics.X-CUBE-SMBUS.2.1.0
2026-02-23 16:21:07,754 [WARN] PackLoader:240 - Cannot read IP mode file for STMicroelectronics.X-CUBE-WB05N.1.1.0
2026-02-23 16:21:07,759 [ERROR] Engine:466 - C:\Users\new user\.stm32cubemx\thirdparties\pdsc\STMicroelectronics.X-CUBE-ST60.1.0.0.pdsc: PDSC version is not supported
2026-02-23 16:21:07,764 [WARN] PackLoader:240 - Cannot read IP mode file for STMicroelectronics.X-CUBE-TOUCHGFX.4.23.0
2026-02-23 16:21:07,837 [WARN] PackLoader:240 - Cannot read IP mode file for STMicroelectronics.X-CUBE-TOUCHGFX.4.23.2
2026-02-23 16:21:07,897 [WARN] PackLoader:240 - Cannot read IP mode file for STMicroelectronics.X-CUBE-AZRTOS-F7.1.1.0
2026-02-23 16:21:07,960 [WARN] PackLoader:240 - Cannot read IP mode file for STMicroelectronics.X-CUBE-MEMS1.11.0.0
2026-02-23 16:21:08,080 [ERROR] Engine:466 - C:\Users\new user\.stm32cubemx\thirdparties\pdsc\STMicroelectronics.FP-SNS-MOTENV1.5.1.0.pdsc: PDSC version is not supported
2026-02-23 16:21:08,085 [WARN] PackLoader:240 - Cannot read IP mode file for STMicroelectronics.FP-SNS-FLIGHT1.5.0.2
2026-02-23 16:21:08,100 [WARN] PackLoader:240 - Cannot read IP mode file for STMicroelectronics.X-CUBE-AZRTOS-H7.3.4.0
2026-02-23 16:21:08,110 [WARN] PackLoader:240 - Cannot read IP mode file for STMicroelectronics.X-CUBE-DISPLAY.3.0.0
2026-02-23 16:21:08,116 [ERROR] Engine:466 - C:\Users\new user\.stm32cubemx\thirdparties\pdsc\STMicroelectronics.FP-SNS-MOTENVWB1.1.5.0.pdsc: PDSC version is not supported
2026-02-23 16:21:08,123 [WARN] PackLoader:240 - Cannot read IP mode file for STMicroelectronics.X-CUBE-BLE1.7.0.0
2026-02-23 16:21:08,129 [WARN] PackLoader:240 - Cannot read IP mode file for STMicroelectronics.X-CUBE-NFC10.1.0.0
2026-02-23 16:21:08,140 [WARN] PackLoader:240 - Cannot read IP mode file for STMicroelectronics.X-CUBE-BLEMGR.4.0.0
2026-02-23 16:21:08,145 [ERROR] Engine:466 - C:\Users\new user\.stm32cubemx\thirdparties\pdsc\STMicroelectronics.X-CUBE-ST60.1.1.0.pdsc: PDSC version is not supported
2026-02-23 16:21:08,150 [WARN] PackLoader:240 - Cannot read IP mode file for emotas.I-CUBE-CANOPEN.1.3.0
2026-02-23 16:21:08,154 [WARN] PackLoader:240 - Cannot read IP mode file for STMicroelectronics.X-CUBE-GNSS1.7.1.0
2026-02-23 16:21:08,159 [WARN] PackLoader:240 - Cannot read IP mode file for STMicroelectronics.X-CUBE-BLEMGR.3.1.0
2026-02-23 16:21:08,164 [WARN] PackLoader:240 - Cannot read IP mode file for STMicroelectronics.X-CUBE-AI.10.0.0
2026-02-23 16:21:08,166 [ERROR] Engine:466 - C:\Users\new user\.stm32cubemx\thirdparties\pdsc\STMicroelectronics.FP-SNS-STBOX1.2.1.0.pdsc: PDSC version is not supported
2026-02-23 16:21:08,171 [WARN] PackLoader:240 - Cannot read IP mode file for STMicroelectronics.FP-SNS-SMARTAG2.1.2.0
2026-02-23 16:21:08,173 [ERROR] Engine:466 - C:\Users\new user\.stm32cubemx\thirdparties\pdsc\STMicroelectronics.FP-SNS-FLIGHT1.5.1.0.pdsc: PDSC version is not supported
2026-02-23 16:21:08,200 [WARN] PackLoader:240 - Cannot read IP mode file for STMicroelectronics.X-CUBE-MEMS1.11.1.0
2026-02-23 16:21:08,327 [INFO] LogOutputStream:77 - [STDOUT_REDIRECT] 1 : Invalid condition id : UX_CORESTACK_Condition cause : null
2026-02-23 16:21:08,329 [INFO] LogOutputStream:77 - [STDOUT_REDIRECT] 1 : Invalid condition id : UX_CORESTACK_Condition cause : null
2026-02-23 16:21:08,330 [INFO] LogOutputStream:77 - [STDOUT_REDIRECT] 1 : Invalid condition id : UX_CORESTACK_Condition cause : null
2026-02-23 16:21:08,331 [INFO] LogOutputStream:77 - [STDOUT_REDIRECT] 1 : Invalid condition id : UX_CORESTACK_Condition cause : null
2026-02-23 16:21:08,332 [INFO] LogOutputStream:77 - [STDOUT_REDIRECT] 1 : Invalid condition id : UX_CORESTACK_Condition cause : null
2026-02-23 16:21:08,333 [WARN] PackLoader:240 - Cannot read IP mode file for STMicroelectronics.X-CUBE-AZRTOS-WL.2.0.0
2026-02-23 16:21:08,340 [WARN] PackLoader:240 - Cannot read IP mode file for STMicroelectronics.FP-SNS-MOTENV1.5.0.0
2026-02-23 16:21:08,360 [WARN] PackLoader:240 - Cannot read IP mode file for STMicroelectronics.X-CUBE-AZRTOS-H7RS.1.2.0
2026-02-23 16:21:08,371 [WARN] PackLoader:240 - Cannot read IP mode file for wolfSSL.I-CUBE-wolfMQTT.1.19.0
2026-02-23 16:21:08,380 [WARN] PackLoader:240 - Cannot read IP mode file for WES.I-CUBE-Cesium.1.3.0
2026-02-23 16:21:08,388 [WARN] PackLoader:240 - Cannot read IP mode file for STMicroelectronics.X-CUBE-BLE2.3.3.0
2026-02-23 16:21:08,393 [ERROR] Engine:466 - C:\Users\new user\.stm32cubemx\thirdparties\pdsc\Avnet-IOTCONNECT.X-CUBE-iotc-st67-sdk.1.0.0.pdsc: PDSC version is not supported
2026-02-23 16:21:08,399 [WARN] PackLoader:240 - Cannot read IP mode file for STMicroelectronics.X-CUBE-NFC9.1.0.0
2026-02-23 16:21:08,406 [WARN] PackLoader:240 - Cannot read IP mode file for STMicroelectronics.X-CUBE-BLE1.7.1.0
2026-02-23 16:21:08,412 [WARN] PackLoader:240 - Cannot read IP mode file for STMicroelectronics.X-CUBE-TCPP.4.1.0
2026-02-23 16:21:08,416 [ERROR] Engine:466 - C:\Users\new user\.stm32cubemx\thirdparties\pdsc\STMicroelectronics.X-CUBE-FREERTOS.1.4.0.pdsc: PDSC version is not supported
2026-02-23 16:21:08,425 [WARN] PackLoader:240 - Cannot read IP mode file for STMicroelectronics.X-CUBE-EEPRMA1.5.2.0
2026-02-23 16:21:08,429 [WARN] PackLoader:240 - Cannot read IP mode file for STMicroelectronics.X-CUBE-AI.10.1.0
2026-02-23 16:21:08,469 [WARN] PackLoader:240 - Cannot read IP mode file for STMicroelectronics.X-CUBE-MEMS1.12.0.0
2026-02-23 16:21:08,568 [WARN] PackLoader:240 - Cannot read IP mode file for STMicroelectronics.X-CUBE-MEMS1.11.2.0
2026-02-23 16:21:08,692 [WARN] PackLoader:240 - Cannot read IP mode file for STMicroelectronics.X-CUBE-AZRTOS-G0.1.1.0
2026-02-23 16:21:08,701 [WARN] PackLoader:240 - Cannot read IP mode file for STMicroelectronics.X-CUBE-SAFEA1.1.2.2
2026-02-23 16:21:08,707 [WARN] PackLoader:240 - Cannot read IP mode file for STMicroelectronics.X-CUBE-NFC4.3.0.0
2026-02-23 16:21:08,718 [WARN] PackLoader:240 - Cannot read IP mode file for EmbeddedOffice.I-CUBE-FS-RTOS.1.0.1
2026-02-23 16:21:08,719 [ERROR] ConditionMgr:805 - Attr not supported : Dmpu
2026-02-23 16:21:08,719 [ERROR] ConditionMgr:805 - Attr not supported : Dmpu
2026-02-23 16:21:08,720 [ERROR] ConditionMgr:805 - Attr not supported : Dmpu
2026-02-23 16:21:08,720 [ERROR] ConditionMgr:805 - Attr not supported : Dmpu
2026-02-23 16:21:08,720 [ERROR] ConditionMgr:805 - Attr not supported : Dmpu
2026-02-23 16:21:08,720 [ERROR] ConditionMgr:805 - Attr not supported : Dmpu
2026-02-23 16:21:08,720 [ERROR] ConditionMgr:805 - Attr not supported : Dmpu
2026-02-23 16:21:08,720 [ERROR] ConditionMgr:805 - Attr not supported : Dmpu
2026-02-23 16:21:08,720 [ERROR] ConditionMgr:805 - Attr not supported : Dmpu
2026-02-23 16:21:08,720 [ERROR] ConditionMgr:805 - Attr not supported : Dmpu
2026-02-23 16:21:08,720 [ERROR] ConditionMgr:805 - Attr not supported : Dmpu
2026-02-23 16:21:08,720 [ERROR] ConditionMgr:805 - Attr not supported : Dmpu
2026-02-23 16:21:08,721 [ERROR] ConditionMgr:805 - Attr not supported : Dmpu
2026-02-23 16:21:08,721 [ERROR] ConditionMgr:805 - Attr not supported : Dmpu
2026-02-23 16:21:08,721 [ERROR] ConditionMgr:805 - Attr not supported : Dmpu
2026-02-23 16:21:08,721 [ERROR] ConditionMgr:805 - Attr not supported : Dmpu
2026-02-23 16:21:08,721 [ERROR] ConditionMgr:805 - Attr not supported : Dmpu
2026-02-23 16:21:08,721 [ERROR] ConditionMgr:805 - Attr not supported : Dmpu
2026-02-23 16:21:08,721 [ERROR] ConditionMgr:805 - Attr not supported : Dmpu
2026-02-23 16:21:08,721 [ERROR] ConditionMgr:805 - Attr not supported : Dmpu
2026-02-23 16:21:08,721 [ERROR] ConditionMgr:805 - Attr not supported : Dmpu
2026-02-23 16:21:08,721 [ERROR] ConditionMgr:805 - Attr not supported : Dmpu
2026-02-23 16:21:08,721 [ERROR] ConditionMgr:805 - Attr not supported : Dmpu
2026-02-23 16:21:08,721 [ERROR] ConditionMgr:805 - Attr not supported : Dmpu
2026-02-23 16:21:08,722 [ERROR] ConditionMgr:805 - Attr not supported : Dmpu
2026-02-23 16:21:08,722 [ERROR] ConditionMgr:805 - Attr not supported : Dmpu
2026-02-23 16:21:08,722 [ERROR] ConditionMgr:805 - Attr not supported : Dmpu
2026-02-23 16:21:08,722 [ERROR] ConditionMgr:805 - Attr not supported : Dmpu
2026-02-23 16:21:08,722 [ERROR] ConditionMgr:805 - Attr not supported : Dmpu
2026-02-23 16:21:08,722 [ERROR] ConditionMgr:805 - Attr not supported : Dmpu
2026-02-23 16:21:08,722 [ERROR] ConditionMgr:805 - Attr not supported : Dmpu
2026-02-23 16:21:08,722 [ERROR] ConditionMgr:805 - Attr not supported : Dmpu
2026-02-23 16:21:08,722 [ERROR] ConditionMgr:805 - Attr not supported : Dmpu
2026-02-23 16:21:08,722 [ERROR] ConditionMgr:805 - Attr not supported : Dmpu
2026-02-23 16:21:08,722 [ERROR] ConditionMgr:805 - Attr not supported : Dmpu
2026-02-23 16:21:08,722 [ERROR] ConditionMgr:805 - Attr not supported : Dmpu
2026-02-23 16:21:08,722 [ERROR] ConditionMgr:805 - Attr not supported : Dmpu
2026-02-23 16:21:08,722 [ERROR] ConditionMgr:805 - Attr not supported : Dmpu
2026-02-23 16:21:08,723 [ERROR] ConditionMgr:805 - Attr not supported : Dmpu
2026-02-23 16:21:08,723 [ERROR] ConditionMgr:805 - Attr not supported : Dmpu
2026-02-23 16:21:08,723 [ERROR] ConditionMgr:805 - Attr not supported : Dmpu
2026-02-23 16:21:08,723 [ERROR] ConditionMgr:805 - Attr not supported : Dmpu
2026-02-23 16:21:08,723 [ERROR] ConditionMgr:805 - Attr not supported : Dmpu
2026-02-23 16:21:08,723 [ERROR] ConditionMgr:805 - Attr not supported : Dmpu
2026-02-23 16:21:08,723 [ERROR] ConditionMgr:805 - Attr not supported : Dmpu
2026-02-23 16:21:08,723 [ERROR] ConditionMgr:805 - Attr not supported : Dmpu
2026-02-23 16:21:08,723 [ERROR] ConditionMgr:805 - Attr not supported : Dmpu
2026-02-23 16:21:08,723 [ERROR] ConditionMgr:805 - Attr not supported : Dmpu
2026-02-23 16:21:08,723 [ERROR] ConditionMgr:805 - Attr not supported : Dmpu
2026-02-23 16:21:08,723 [ERROR] ConditionMgr:805 - Attr not supported : Dmpu
2026-02-23 16:21:08,723 [ERROR] ConditionMgr:805 - Attr not supported : Dmpu
2026-02-23 16:21:08,723 [ERROR] ConditionMgr:805 - Attr not supported : Dmpu
2026-02-23 16:21:08,723 [ERROR] ConditionMgr:805 - Attr not supported : Dmpu
2026-02-23 16:21:08,724 [ERROR] ConditionMgr:805 - Attr not supported : Dmpu
2026-02-23 16:21:08,724 [ERROR] ConditionMgr:805 - Attr not supported : Dmpu
2026-02-23 16:21:08,724 [ERROR] ConditionMgr:805 - Attr not supported : Dmpu
2026-02-23 16:21:08,724 [ERROR] ConditionMgr:805 - Attr not supported : Dmpu
2026-02-23 16:21:08,724 [ERROR] ConditionMgr:805 - Attr not supported : Dmpu
2026-02-23 16:21:08,724 [ERROR] ConditionMgr:805 - Attr not supported : Dmpu
2026-02-23 16:21:08,724 [ERROR] ConditionMgr:805 - Attr not supported : Dmpu
2026-02-23 16:21:08,724 [ERROR] ConditionMgr:805 - Attr not supported : Dmpu
2026-02-23 16:21:08,724 [ERROR] ConditionMgr:805 - Attr not supported : Dmpu
2026-02-23 16:21:08,724 [ERROR] ConditionMgr:805 - Attr not supported : Dmpu
2026-02-23 16:21:08,724 [ERROR] ConditionMgr:805 - Attr not supported : Dmpu
2026-02-23 16:21:08,730 [WARN] PackLoader:240 - Cannot read IP mode file for STMicroelectronics.X-CUBE-WB05N.2.0.0
2026-02-23 16:21:08,736 [ERROR] Engine:466 - C:\Users\new user\.stm32cubemx\thirdparties\pdsc\STMicroelectronics.X-CUBE-TCPP.4.2.0.pdsc: PDSC version is not supported
2026-02-23 16:21:08,742 [WARN] PackLoader:240 - Cannot read IP mode file for RealThread.X-CUBE-RT-Thread_Nano.4.1.1
2026-02-23 16:21:08,747 [WARN] PackLoader:240 - Cannot read IP mode file for wolfSSL.I-CUBE-wolfSSL.5.7.0
2026-02-23 16:21:08,753 [WARN] PackLoader:240 - Cannot read IP mode file for STMicroelectronics.FP-ATR-SIGFOX1.3.2.0
2026-02-23 16:21:08,761 [WARN] ConditionMgr:438 - getConditionDescription Invalid condition id : Cortex-A Device cause : null
2026-02-23 16:21:08,771 [WARN] ConditionMgr:1039 - genDependencies : Invalid condition id : Cortex-A Device cause : null
2026-02-23 16:21:08,772 [WARN] ConditionMgr:1039 - genDependencies : Invalid condition id : Cortex-A Device cause : null
2026-02-23 16:21:08,772 [WARN] ConditionMgr:1039 - genDependencies : Invalid condition id : Cortex-A Device cause : null
2026-02-23 16:21:08,777 [WARN] PackLoader:240 - Cannot read IP mode file for STMicroelectronics.X-CUBE-EEPRMA1.5.1.0
2026-02-23 16:21:08,786 [WARN] PackLoader:240 - Cannot read IP mode file for ITTIA_DB.I-CUBE-ITTIADB.8.9.0
2026-02-23 16:21:08,794 [WARN] PackLoader:240 - Cannot read IP mode file for STMicroelectronics.X-CUBE-NFC6.3.2.0
2026-02-23 16:21:08,798 [ERROR] Engine:466 - C:\Users\new user\.stm32cubemx\thirdparties\pdsc\STMicroelectronics.X-CUBE-ST67W61.1.0.0.pdsc: PDSC version is not supported
2026-02-23 16:21:08,802 [WARN] PackLoader:240 - Cannot read IP mode file for STMicroelectronics.X-CUBE-AI.10.2.0
2026-02-23 16:21:08,831 [WARN] PackLoader:240 - Cannot read IP mode file for SEGGER.I-CUBE-embOS.1.3.1
2026-02-23 16:21:08,869 [WARN] PackLoader:240 - Cannot read IP mode file for STMicroelectronics.X-CUBE-ALGOBUILD.1.4.0
2026-02-23 16:21:08,911 [WARN] PackLoader:240 - Cannot read IP mode file for STMicroelectronics.X-CUBE-MEMS1.11.3.0
2026-02-23 16:21:09,032 [WARN] PackLoader:240 - Cannot read IP mode file for STMicroelectronics.X-CUBE-AI.9.1.0
2026-02-23 16:21:09,039 [WARN] PackLoader:240 - Cannot read IP mode file for STMicroelectronics.X-CUBE-PM33A1.1.0.0
2026-02-23 16:21:09,045 [WARN] PackLoader:240 - Cannot read IP mode file for STMicroelectronics.X-CUBE-GNSS1.6.0.0
2026-02-23 16:21:09,060 [WARN] PackLoader:240 - Cannot read IP mode file for STMicroelectronics.X-CUBE-AZRTOS-F4.1.1.0
2026-02-23 16:21:09,067 [ERROR] Engine:466 - C:\Users\new user\.stm32cubemx\thirdparties\pdsc\Avnet-IotConnect.X-CUBE-IoTC-DA16k-PMOD.1.0.0.pdsc: PDSC version is not supported
2026-02-23 16:21:09,071 [WARN] PackLoader:240 - Cannot read IP mode file for STMicroelectronics.X-CUBE-ISPU.2.1.0
2026-02-23 16:21:09,076 [ERROR] Engine:466 - C:\Users\new user\.stm32cubemx\thirdparties\pdsc\STMicroelectronics.X-CUBE-IPS.3.2.0.pdsc: PDSC version is not supported
2026-02-23 16:21:09,083 [WARN] PackLoader:240 - Cannot read IP mode file for STMicroelectronics.X-CUBE-FREERTOS.1.2.0
2026-02-23 16:21:09,090 [WARN] PackLoader:240 - Cannot read IP mode file for STMicroelectronics.X-CUBE-NFC12.1.0.0
2026-02-23 16:21:09,107 [WARN] PackLoader:240 - Cannot read IP mode file for STMicroelectronics.X-CUBE-AZRTOS-L5.2.0.0
2026-02-23 16:21:09,117 [WARN] PackLoader:240 - Cannot read IP mode file for STMicroelectronics.X-CUBE-NFC6.3.1.0
2026-02-23 16:21:09,127 [WARN] PackLoader:240 - Cannot read IP mode file for STMicroelectronics.X-CUBE-DPower.1.2.0
2026-02-23 16:21:09,132 [WARN] PackLoader:240 - Cannot read IP mode file for STMicroelectronics.X-CUBE-AI.9.0.0
2026-02-23 16:21:09,141 [WARN] PackLoader:240 - Cannot read IP mode file for STMicroelectronics.X-CUBE-FREERTOS.1.3.1
2026-02-23 16:21:09,149 [WARN] PackLoader:240 - Cannot read IP mode file for STMicroelectronics.X-CUBE-FREERTOS.1.3.0
2026-02-23 16:21:09,156 [WARN] PackLoader:240 - Cannot read IP mode file for STMicroelectronics.X-CUBE-NFC7.1.0.1
2026-02-23 16:21:09,160 [WARN] PackLoader:240 - Cannot read IP mode file for STMicroelectronics.X-CUBE-TOUCHGFX.4.26.0
2026-02-23 16:21:09,163 [ERROR] Engine:466 - C:\Users\new user\.stm32cubemx\thirdparties\pdsc\STMicroelectronics.FP-SNS-STAIOTCFT.1.0.0.pdsc: PDSC version is not supported
2026-02-23 16:21:09,167 [WARN] PackLoader:240 - Cannot read IP mode file for STMicroelectronics.X-CUBE-DPower.1.3.0
2026-02-23 16:21:09,189 [WARN] ConditionMgr:438 - getConditionDescription Invalid condition id : LAN8742 Phy interface Condition cause : null
2026-02-23 16:21:09,190 [WARN] PackLoader:240 - Cannot read IP mode file for STMicroelectronics.X-CUBE-AZRTOS-L4.2.0.0
2026-02-23 16:21:09,191 [WARN] ConditionMgr:1039 - genDependencies : Invalid condition id : LAN8742 Phy interface Condition cause : null
2026-02-23 16:21:09,191 [WARN] ConditionMgr:1039 - genDependencies : Invalid condition id : LAN8742 Phy interface Condition cause : null
2026-02-23 16:21:09,192 [WARN] ConditionMgr:1039 - genDependencies : Invalid condition id : LAN8742 Phy interface Condition cause : null
2026-02-23 16:21:09,199 [WARN] PackLoader:240 - Cannot read IP mode file for STMicroelectronics.X-CUBE-SFXS2LP1.4.0.0
2026-02-23 16:21:09,203 [ERROR] Engine:466 - C:\Users\new user\.stm32cubemx\thirdparties\pdsc\STMicroelectronics.X-CUBE-ST67W61.1.2.0.pdsc: PDSC version is not supported
2026-02-23 16:21:09,220 [WARN] PackLoader:240 - Cannot read IP mode file for STMicroelectronics.X-CUBE-AZRTOS-H7.3.3.0
2026-02-23 16:21:09,228 [ERROR] Engine:466 - C:\Users\new user\.stm32cubemx\thirdparties\pdsc\STMicroelectronics.X-CUBE-BLEMGR.4.1.0.pdsc: PDSC version is not supported
2026-02-23 16:21:09,241 [WARN] PackLoader:240 - Cannot read IP mode file for STMicroelectronics.X-CUBE-IPS.3.0.0
2026-02-23 16:21:09,259 [WARN] ConditionMgr:438 - getConditionDescription Invalid condition id : UX DEVICE CLASS RTOS Condition cause : null
2026-02-23 16:21:09,260 [WARN] ConditionMgr:438 - getConditionDescription Invalid condition id : UX DEVICE CLASS RTOS Condition cause : null
2026-02-23 16:21:09,262 [WARN] PackLoader:240 - Cannot read IP mode file for STMicroelectronics.X-CUBE-AZRTOS-WB.2.0.0
2026-02-23 16:21:09,262 [WARN] ConditionMgr:1039 - genDependencies : Invalid condition id : UX DEVICE CLASS RTOS Condition cause : null
2026-02-23 16:21:09,263 [WARN] ConditionMgr:1039 - genDependencies : Invalid condition id : UX DEVICE CLASS RTOS Condition cause : null
2026-02-23 16:21:09,263 [WARN] ConditionMgr:1039 - genDependencies : Invalid condition id : UX DEVICE CLASS RTOS Condition cause : null
2026-02-23 16:21:09,263 [WARN] ConditionMgr:1039 - genDependencies : Invalid condition id : UX DEVICE CLASS RTOS Condition cause : null
2026-02-23 16:21:09,263 [WARN] ConditionMgr:1039 - genDependencies : Invalid condition id : UX DEVICE CLASS RTOS Condition cause : null
2026-02-23 16:21:09,269 [WARN] PackLoader:240 - Cannot read IP mode file for STMicroelectronics.X-CUBE-GNSS1.7.0.0
2026-02-23 16:21:09,276 [WARN] PackLoader:240 - Cannot read IP mode file for STMicroelectronics.X-CUBE-GNSS1.7.0.1
2026-02-23 16:21:09,282 [WARN] PackLoader:240 - Cannot read IP mode file for STMicroelectronics.X-CUBE-TOUCHGFX.4.25.0
2026-02-23 16:21:09,289 [WARN] PackLoader:240 - Cannot read IP mode file for STMicroelectronics.FP-SNS-STBOX1.2.0.0
2026-02-23 16:21:09,301 [WARN] PackLoader:240 - Cannot read IP mode file for STMicroelectronics.X-CUBE-STSE01.2.0.0
2026-02-23 16:21:09,313 [WARN] PackLoader:240 - Cannot read IP mode file for STMicroelectronics.X-CUBE-SUBG2.5.0.0
2026-02-23 16:21:09,337 [WARN] PackLoader:240 - Cannot read IP mode file for STMicroelectronics.X-CUBE-AZRTOS-H7RS.1.1.0
2026-02-23 16:21:09,349 [WARN] PackLoader:240 - Cannot read IP mode file for Cesanta.I-CUBE-Mongoose.7.13.0
2026-02-23 16:21:09,364 [WARN] PackLoader:240 - Cannot read IP mode file for STMicroelectronics.X-CUBE-AZRTOS-G4.2.0.0
2026-02-23 16:21:09,373 [WARN] PackLoader:240 - Cannot read IP mode file for STMicroelectronics.X-CUBE-NFC7.2.0.0
2026-02-23 16:21:09,378 [WARN] PackLoader:240 - Cannot read IP mode file for STMicroelectronics.X-CUBE-ISPU.2.0.0
2026-02-23 16:21:09,384 [ERROR] Engine:466 - C:\Users\new user\.stm32cubemx\thirdparties\pdsc\STMicroelectronics.X-CUBE-IPS.3.1.0.pdsc: PDSC version is not supported
2026-02-23 16:21:09,391 [WARN] PackLoader:240 - Cannot read IP mode file for STMicroelectronics.X-CUBE-ALS.1.0.2
2026-02-23 16:21:09,430 [WARN] PackLoader:240 - Cannot read IP mode file for STMicroelectronics.X-CUBE-MEMS1.10.0.0
2026-02-23 16:21:09,523 [WARN] PackLoader:240 - Cannot read IP mode file for STMicroelectronics.X-CUBE-TOUCHGFX.4.24.0
2026-02-23 16:21:09,528 [WARN] PackLoader:240 - Cannot read IP mode file for STMicroelectronics.X-CUBE-TOUCHGFX.4.24.2
2026-02-23 16:21:09,532 [WARN] PackLoader:240 - Cannot read IP mode file for STMicroelectronics.X-CUBE-TOUCHGFX.4.24.1
2026-02-23 16:21:09,537 [WARN] PackLoader:240 - Cannot read IP mode file for STMicroelectronics.X-CUBE-STSE01.1.0.0
2026-02-23 16:21:09,545 [WARN] PackLoader:240 - Cannot read IP mode file for wolfSSL.I-CUBE-wolfTPM.3.4.0
2026-02-23 16:21:09,552 [WARN] PackLoader:240 - Cannot read IP mode file for portGmbH.I-Cube-SoM-uGOAL.1.1.0
2026-02-23 16:21:09,567 [WARN] PackLoader:240 - Cannot read IP mode file for STMicroelectronics.X-CUBE-AZRTOS-H7RS.1.0.0
2026-02-23 16:21:09,574 [WARN] PackLoader:240 - Cannot read IP mode file for STMicroelectronics.FP-ATR-ASTRA1.2.0.0
2026-02-23 16:21:09,583 [WARN] PackLoader:240 - Cannot read IP mode file for STMicroelectronics.X-CUBE-TOF1.3.4.2
2026-02-23 16:21:09,598 [ERROR] Engine:466 - C:\Users\new user\.stm32cubemx\thirdparties\pdsc\STMicroelectronics.X-CUBE-TOF1.3.4.3.pdsc: PDSC version is not supported
2026-02-23 16:21:09,607 [WARN] PackLoader:240 - Cannot read IP mode file for STMicroelectronics.X-CUBE-TOF1.3.4.1
2026-02-23 16:21:09,633 [WARN] PackLoader:240 - Cannot read IP mode file for STMicroelectronics.X-CUBE-AZRTOS-H7.3.2.0
2026-02-23 16:21:09,651 [WARN] PackLoader:240 - Cannot read IP mode file for Infineon.AIROC-Wi-Fi-Bluetooth-STM32.1.6.0
2026-02-23 16:21:09,659 [WARN] PackLoader:240 - Cannot read IP mode file for wolfSSL.I-CUBE-wolfSSH.1.4.17
2026-02-23 16:21:09,660 [INFO] ThirdParty:978 - Integrity check success = true
2026-02-23 16:21:09,661 [INFO] IntegrityCheckThread:100 - exiting critical section [integrity check]
2026-02-23 16:21:09,661 [INFO] IntegrityCheckThread:103 - End integrity checks thread
2026-02-23 16:21:23,834 [ERROR] LogOutputStream:75 - [STDERR_REDIRECT] 
